<object-stream>
<org.drools.core.audit.WorkingMemoryLog>
  <version>6.1</version>
  <events>
    <org.drools.core.audit.event.ObjectLogEvent>
      <type>1</type>
      <factId>1</factId>
      <objectToString>Message[name=&apos;Dave&apos; text=&apos;Hello, HAL. Do you read me, HAL?&apos;</objectToString>
    </org.drools.core.audit.event.ObjectLogEvent>
    <org.drools.core.audit.event.ActivationLogEvent>
      <type>4</type>
      <activationId>rule 1 [1]</activationId>
      <rule>rule 1</rule>
      <declarations>text=Hello, HAL. Do you read me, HAL?(1); m=Message[name=&apos;Dave&apos; text=&apos;Hello, HAL. Do you read me, HAL?&apos;(1)</declarations>
      <factHandleIds>1</factHandleIds>
    </org.drools.core.audit.event.ActivationLogEvent>
    <org.drools.core.audit.event.ActivationLogEvent>
      <type>6</type>
      <activationId>rule 1 [1]</activationId>
      <rule>rule 1</rule>
      <declarations>text=Hello, HAL. Do you read me, HAL?(1); m=Message[name=&apos;Dave&apos; text=&apos;Hello, HAL. Do you read me, HAL?&apos;(1)</declarations>
      <factHandleIds>1</factHandleIds>
    </org.drools.core.audit.event.ActivationLogEvent>
    <org.drools.core.audit.event.ActivationLogEvent>
      <type>7</type>
      <activationId>rule 1 [1]</activationId>
      <rule>rule 1</rule>
      <declarations>text=Hello, HAL. Do you read me, HAL?(1); m=Message[name=&apos;Dave&apos; text=&apos;Hello, HAL. Do you read me, HAL?&apos;(1)</declarations>
      <factHandleIds>1</factHandleIds>
    </org.drools.core.audit.event.ActivationLogEvent>
    <org.drools.core.audit.event.ActivationLogEvent>
      <type>4</type>
      <activationId>rule 2 [1]</activationId>
      <rule>rule 2</rule>
      <declarations></declarations>
      <factHandleIds>1</factHandleIds>
    </org.drools.core.audit.event.ActivationLogEvent>
    <org.drools.core.audit.event.ActivationLogEvent>
      <type>6</type>
      <activationId>rule 2 [1]</activationId>
      <rule>rule 2</rule>
      <declarations></declarations>
      <factHandleIds>1</factHandleIds>
    </org.drools.core.audit.event.ActivationLogEvent>
    <org.drools.core.audit.event.ObjectLogEvent>
      <type>1</type>
      <factId>2</factId>
      <objectToString>Message[name=&apos;HAL&apos; text=&apos;Dave. I read you.&apos;</objectToString>
    </org.drools.core.audit.event.ObjectLogEvent>
    <org.drools.core.audit.event.ActivationLogEvent>
      <type>7</type>
      <activationId>rule 2 [1]</activationId>
      <rule>rule 2</rule>
      <declarations></declarations>
      <factHandleIds>1</factHandleIds>
    </org.drools.core.audit.event.ActivationLogEvent>
    <org.drools.core.audit.event.ActivationLogEvent>
      <type>4</type>
      <activationId>rule 1 [2]</activationId>
      <rule>rule 1</rule>
      <declarations>text=Dave. I read you.(2); m=Message[name=&apos;HAL&apos; text=&apos;Dave. I read you.&apos;(2)</declarations>
      <factHandleIds>2</factHandleIds>
    </org.drools.core.audit.event.ActivationLogEvent>
    <org.drools.core.audit.event.ActivationLogEvent>
      <type>6</type>
      <activationId>rule 1 [2]</activationId>
      <rule>rule 1</rule>
      <declarations>text=Dave. I read you.(2); m=Message[name=&apos;HAL&apos; text=&apos;Dave. I read you.&apos;(2)</declarations>
      <factHandleIds>2</factHandleIds>
    </org.drools.core.audit.event.ActivationLogEvent>
    <org.drools.core.audit.event.ActivationLogEvent>
      <type>7</type>
      <activationId>rule 1 [2]</activationId>
      <rule>rule 1</rule>
      <declarations>text=Dave. I read you.(2); m=Message[name=&apos;HAL&apos; text=&apos;Dave. I read you.&apos;(2)</declarations>
      <factHandleIds>2</factHandleIds>
    </org.drools.core.audit.event.ActivationLogEvent>
    <org.drools.core.audit.event.ObjectLogEvent>
      <type>1</type>
      <factId>3</factId>
      <objectToString>Message[name=&apos;Dave&apos; text=&apos;Hello, HAL. Do you read me, HAL?&apos;</objectToString>
    </org.drools.core.audit.event.ObjectLogEvent>
    <org.drools.core.audit.event.ActivationLogEvent>
      <type>4</type>
      <activationId>rule 1 [3]</activationId>
      <rule>rule 1</rule>
      <declarations>text=Hello, HAL. Do you read me, HAL?(3); m=Message[name=&apos;Dave&apos; text=&apos;Hello, HAL. Do you read me, HAL?&apos;(3)</declarations>
      <factHandleIds>3</factHandleIds>
    </org.drools.core.audit.event.ActivationLogEvent>
    <org.drools.core.audit.event.ActivationLogEvent>
      <type>6</type>
      <activationId>rule 1 [3]</activationId>
      <rule>rule 1</rule>
      <declarations>text=Hello, HAL. Do you read me, HAL?(3); m=Message[name=&apos;Dave&apos; text=&apos;Hello, HAL. Do you read me, HAL?&apos;(3)</declarations>
      <factHandleIds>3</factHandleIds>
    </org.drools.core.audit.event.ActivationLogEvent>
    <org.drools.core.audit.event.ActivationLogEvent>
      <type>7</type>
      <activationId>rule 1 [3]</activationId>
      <rule>rule 1</rule>
      <declarations>text=Hello, HAL. Do you read me, HAL?(3); m=Message[name=&apos;Dave&apos; text=&apos;Hello, HAL. Do you read me, HAL?&apos;(3)</declarations>
      <factHandleIds>3</factHandleIds>
    </org.drools.core.audit.event.ActivationLogEvent>
    <org.drools.core.audit.event.ActivationLogEvent>
      <type>4</type>
      <activationId>rule 2 [3]</activationId>
      <rule>rule 2</rule>
      <declarations></declarations>
      <factHandleIds>3</factHandleIds>
    </org.drools.core.audit.event.ActivationLogEvent>
    <org.drools.core.audit.event.ActivationLogEvent>
      <type>6</type>
      <activationId>rule 2 [3]</activationId>
      <rule>rule 2</rule>
      <declarations></declarations>
      <factHandleIds>3</factHandleIds>
    </org.drools.core.audit.event.ActivationLogEvent>
    <org.drools.core.audit.event.ObjectLogEvent>
      <type>1</type>
      <factId>4</factId>
      <objectToString>Message[name=&apos;HAL&apos; text=&apos;Dave. I read you.&apos;</objectToString>
    </org.drools.core.audit.event.ObjectLogEvent>
    <org.drools.core.audit.event.ActivationLogEvent>
      <type>7</type>
      <activationId>rule 2 [3]</activationId>
      <rule>rule 2</rule>
      <declarations></declarations>
      <factHandleIds>3</factHandleIds>
    </org.drools.core.audit.event.ActivationLogEvent>
    <org.drools.core.audit.event.ActivationLogEvent>
      <type>4</type>
      <activationId>rule 1 [4]</activationId>
      <rule>rule 1</rule>
      <declarations>text=Dave. I read you.(4); m=Message[name=&apos;HAL&apos; text=&apos;Dave. I read you.&apos;(4)</declarations>
      <factHandleIds>4</factHandleIds>
    </org.drools.core.audit.event.ActivationLogEvent>
    <org.drools.core.audit.event.ActivationLogEvent>
      <type>6</type>
      <activationId>rule 1 [4]</activationId>
      <rule>rule 1</rule>
      <declarations>text=Dave. I read you.(4); m=Message[name=&apos;HAL&apos; text=&apos;Dave. I read you.&apos;(4)</declarations>
      <factHandleIds>4</factHandleIds>
    </org.drools.core.audit.event.ActivationLogEvent>
    <org.drools.core.audit.event.ActivationLogEvent>
      <type>7</type>
      <activationId>rule 1 [4]</activationId>
      <rule>rule 1</rule>
      <declarations>text=Dave. I read you.(4); m=Message[name=&apos;HAL&apos; text=&apos;Dave. I read you.&apos;(4)</declarations>
      <factHandleIds>4</factHandleIds>
    </org.drools.core.audit.event.ActivationLogEvent>
    <org.drools.core.audit.event.ObjectLogEvent>
      <type>1</type>
      <factId>5</factId>
      <objectToString>Message[name=&apos;Dave&apos; text=&apos;Hello, HAL. Do you read me, HAL?&apos;</objectToString>
    </org.drools.core.audit.event.ObjectLogEvent>
    <org.drools.core.audit.event.ActivationLogEvent>
      <type>4</type>
      <activationId>rule 1 [5]</activationId>
      <rule>rule 1</rule>
      <declarations>text=Hello, HAL. Do you read me, HAL?(5); m=Message[name=&apos;Dave&apos; text=&apos;Hello, HAL. Do you read me, HAL?&apos;(5)</declarations>
      <factHandleIds>5</factHandleIds>
    </org.drools.core.audit.event.ActivationLogEvent>
    <org.drools.core.audit.event.ActivationLogEvent>
      <type>6</type>
      <activationId>rule 1 [5]</activationId>
      <rule>rule 1</rule>
      <declarations>text=Hello, HAL. Do you read me, HAL?(5); m=Message[name=&apos;Dave&apos; text=&apos;Hello, HAL. Do you read me, HAL?&apos;(5)</declarations>
      <factHandleIds>5</factHandleIds>
    </org.drools.core.audit.event.ActivationLogEvent>
    <org.drools.core.audit.event.ActivationLogEvent>
      <type>7</type>
      <activationId>rule 1 [5]</activationId>
      <rule>rule 1</rule>
      <declarations>text=Hello, HAL. Do you read me, HAL?(5); m=Message[name=&apos;Dave&apos; text=&apos;Hello, HAL. Do you read me, HAL?&apos;(5)</declarations>
      <factHandleIds>5</factHandleIds>
    </org.drools.core.audit.event.ActivationLogEvent>
    <org.drools.core.audit.event.ActivationLogEvent>
      <type>4</type>
      <activationId>rule 2 [5]</activationId>
      <rule>rule 2</rule>
      <declarations></declarations>
      <factHandleIds>5</factHandleIds>
    </org.drools.core.audit.event.ActivationLogEvent>
    <org.drools.core.audit.event.ActivationLogEvent>
      <type>6</type>
      <activationId>rule 2 [5]</activationId>
      <rule>rule 2</rule>
      <declarations></declarations>
      <factHandleIds>5</factHandleIds>
    </org.drools.core.audit.event.ActivationLogEvent>
    <org.drools.core.audit.event.ObjectLogEvent>
      <type>1</type>
      <factId>6</factId>
      <objectToString>Message[name=&apos;HAL&apos; text=&apos;Dave. I read you.&apos;</objectToString>
    </org.drools.core.audit.event.ObjectLogEvent>
    <org.drools.core.audit.event.ActivationLogEvent>
      <type>7</type>
      <activationId>rule 2 [5]</activationId>
      <rule>rule 2</rule>
      <declarations></declarations>
      <factHandleIds>5</factHandleIds>
    </org.drools.core.audit.event.ActivationLogEvent>
    <org.drools.core.audit.event.ActivationLogEvent>
      <type>4</type>
      <activationId>rule 1 [6]</activationId>
      <rule>rule 1</rule>
      <declarations>text=Dave. I read you.(6); m=Message[name=&apos;HAL&apos; text=&apos;Dave. I read you.&apos;(6)</declarations>
      <factHandleIds>6</factHandleIds>
    </org.drools.core.audit.event.ActivationLogEvent>
    <org.drools.core.audit.event.ActivationLogEvent>
      <type>6</type>
      <activationId>rule 1 [6]</activationId>
      <rule>rule 1</rule>
      <declarations>text=Dave. I read you.(6); m=Message[name=&apos;HAL&apos; text=&apos;Dave. I read you.&apos;(6)</declarations>
      <factHandleIds>6</factHandleIds>
    </org.drools.core.audit.event.ActivationLogEvent>
    <org.drools.core.audit.event.ActivationLogEvent>
      <type>7</type>
      <activationId>rule 1 [6]</activationId>
      <rule>rule 1</rule>
      <declarations>text=Dave. I read you.(6); m=Message[name=&apos;HAL&apos; text=&apos;Dave. I read you.&apos;(6)</declarations>
      <factHandleIds>6</factHandleIds>
    </org.drools.core.audit.event.ActivationLogEvent>
    <org.drools.core.audit.event.ObjectLogEvent>
      <type>1</type>
      <factId>7</factId>
      <objectToString>Message[name=&apos;Dave&apos; text=&apos;Hello, HAL. Do you read me, HAL?&apos;</objectToString>
    </org.drools.core.audit.event.ObjectLogEvent>
    <org.drools.core.audit.event.ActivationLogEvent>
      <type>4</type>
      <activationId>rule 1 [7]</activationId>
      <rule>rule 1</rule>
      <declarations>text=Hello, HAL. Do you read me, HAL?(7); m=Message[name=&apos;Dave&apos; text=&apos;Hello, HAL. Do you read me, HAL?&apos;(7)</declarations>
      <factHandleIds>7</factHandleIds>
    </org.drools.core.audit.event.ActivationLogEvent>
    <org.drools.core.audit.event.ActivationLogEvent>
      <type>6</type>
      <activationId>rule 1 [7]</activationId>
      <rule>rule 1</rule>
      <declarations>text=Hello, HAL. Do you read me, HAL?(7); m=Message[name=&apos;Dave&apos; text=&apos;Hello, HAL. Do you read me, HAL?&apos;(7)</declarations>
      <factHandleIds>7</factHandleIds>
    </org.drools.core.audit.event.ActivationLogEvent>
    <org.drools.core.audit.event.ActivationLogEvent>
      <type>7</type>
      <activationId>rule 1 [7]</activationId>
      <rule>rule 1</rule>
      <declarations>text=Hello, HAL. Do you read me, HAL?(7); m=Message[name=&apos;Dave&apos; text=&apos;Hello, HAL. Do you read me, HAL?&apos;(7)</declarations>
      <factHandleIds>7</factHandleIds>
    </org.drools.core.audit.event.ActivationLogEvent>
    <org.drools.core.audit.event.ActivationLogEvent>
      <type>4</type>
      <activationId>rule 2 [7]</activationId>
      <rule>rule 2</rule>
      <declarations></declarations>
      <factHandleIds>7</factHandleIds>
    </org.drools.core.audit.event.ActivationLogEvent>
    <org.drools.core.audit.event.ActivationLogEvent>
      <type>6</type>
      <activationId>rule 2 [7]</activationId>
      <rule>rule 2</rule>
      <declarations></declarations>
      <factHandleIds>7</factHandleIds>
    </org.drools.core.audit.event.ActivationLogEvent>
    <org.drools.core.audit.event.ObjectLogEvent>
      <type>1</type>
      <factId>8</factId>
      <objectToString>Message[name=&apos;HAL&apos; text=&apos;Dave. I read you.&apos;</objectToString>
    </org.drools.core.audit.event.ObjectLogEvent>
    <org.drools.core.audit.event.ActivationLogEvent>
      <type>7</type>
      <activationId>rule 2 [7]</activationId>
      <rule>rule 2</rule>
      <declarations></declarations>
      <factHandleIds>7</factHandleIds>
    </org.drools.core.audit.event.ActivationLogEvent>
    <org.drools.core.audit.event.ActivationLogEvent>
      <type>4</type>
      <activationId>rule 1 [8]</activationId>
      <rule>rule 1</rule>
      <declarations>text=Dave. I read you.(8); m=Message[name=&apos;HAL&apos; text=&apos;Dave. I read you.&apos;(8)</declarations>
      <factHandleIds>8</factHandleIds>
    </org.drools.core.audit.event.ActivationLogEvent>
    <org.drools.core.audit.event.ActivationLogEvent>
      <type>6</type>
      <activationId>rule 1 [8]</activationId>
      <rule>rule 1</rule>
      <declarations>text=Dave. I read you.(8); m=Message[name=&apos;HAL&apos; text=&apos;Dave. I read you.&apos;(8)</declarations>
      <factHandleIds>8</factHandleIds>
    </org.drools.core.audit.event.ActivationLogEvent>
    <org.drools.core.audit.event.ActivationLogEvent>
      <type>7</type>
      <activationId>rule 1 [8]</activationId>
      <rule>rule 1</rule>
      <declarations>text=Dave. I read you.(8); m=Message[name=&apos;HAL&apos; text=&apos;Dave. I read you.&apos;(8)</declarations>
      <factHandleIds>8</factHandleIds>
    </org.drools.core.audit.event.ActivationLogEvent>
    <org.drools.core.audit.event.ObjectLogEvent>
      <type>1</type>
      <factId>9</factId>
      <objectToString>Message[name=&apos;Dave&apos; text=&apos;Hello, HAL. Do you read me, HAL?&apos;</objectToString>
    </org.drools.core.audit.event.ObjectLogEvent>
    <org.drools.core.audit.event.ActivationLogEvent>
      <type>4</type>
      <activationId>rule 1 [9]</activationId>
      <rule>rule 1</rule>
      <declarations>text=Hello, HAL. Do you read me, HAL?(9); m=Message[name=&apos;Dave&apos; text=&apos;Hello, HAL. Do you read me, HAL?&apos;(9)</declarations>
      <factHandleIds>9</factHandleIds>
    </org.drools.core.audit.event.ActivationLogEvent>
    <org.drools.core.audit.event.ActivationLogEvent>
      <type>6</type>
      <activationId>rule 1 [9]</activationId>
      <rule>rule 1</rule>
      <declarations>text=Hello, HAL. Do you read me, HAL?(9); m=Message[name=&apos;Dave&apos; text=&apos;Hello, HAL. Do you read me, HAL?&apos;(9)</declarations>
      <factHandleIds>9</factHandleIds>
    </org.drools.core.audit.event.ActivationLogEvent>
    <org.drools.core.audit.event.ActivationLogEvent>
      <type>7</type>
      <activationId>rule 1 [9]</activationId>
      <rule>rule 1</rule>
      <declarations>text=Hello, HAL. Do you read me, HAL?(9); m=Message[name=&apos;Dave&apos; text=&apos;Hello, HAL. Do you read me, HAL?&apos;(9)</declarations>
      <factHandleIds>9</factHandleIds>
    </org.drools.core.audit.event.ActivationLogEvent>
    <org.drools.core.audit.event.ActivationLogEvent>
      <type>4</type>
      <activationId>rule 2 [9]</activationId>
      <rule>rule 2</rule>
      <declarations></declarations>
      <factHandleIds>9</factHandleIds>
    </org.drools.core.audit.event.ActivationLogEvent>
    <org.drools.core.audit.event.ActivationLogEvent>
      <type>6</type>
      <activationId>rule 2 [9]</activationId>
      <rule>rule 2</rule>
      <declarations></declarations>
      <factHandleIds>9</factHandleIds>
    </org.drools.core.audit.event.ActivationLogEvent>
    <org.drools.core.audit.event.ObjectLogEvent>
      <type>1</type>
      <factId>10</factId>
      <objectToString>Message[name=&apos;HAL&apos; text=&apos;Dave. I read you.&apos;</objectToString>
    </org.drools.core.audit.event.ObjectLogEvent>
    <org.drools.core.audit.event.ActivationLogEvent>
      <type>7</type>
      <activationId>rule 2 [9]</activationId>
      <rule>rule 2</rule>
      <declarations></declarations>
      <factHandleIds>9</factHandleIds>
    </org.drools.core.audit.event.ActivationLogEvent>
    <org.drools.core.audit.event.ActivationLogEvent>
      <type>4</type>
      <activationId>rule 1 [10]</activationId>
      <rule>rule 1</rule>
      <declarations>text=Dave. I read you.(10); m=Message[name=&apos;HAL&apos; text=&apos;Dave. I read you.&apos;(10)</declarations>
      <factHandleIds>10</factHandleIds>
    </org.drools.core.audit.event.ActivationLogEvent>
    <org.drools.core.audit.event.ActivationLogEvent>
      <type>6</type>
      <activationId>rule 1 [10]</activationId>
      <rule>rule 1</rule>
      <declarations>text=Dave. I read you.(10); m=Message[name=&apos;HAL&apos; text=&apos;Dave. I read you.&apos;(10)</declarations>
      <factHandleIds>10</factHandleIds>
    </org.drools.core.audit.event.ActivationLogEvent>
    <org.drools.core.audit.event.ActivationLogEvent>
      <type>7</type>
      <activationId>rule 1 [10]</activationId>
      <rule>rule 1</rule>
      <declarations>text=Dave. I read you.(10); m=Message[name=&apos;HAL&apos; text=&apos;Dave. I read you.&apos;(10)</declarations>
      <factHandleIds>10</factHandleIds>
    </org.drools.core.audit.event.ActivationLogEvent>
    <org.drools.core.audit.event.ObjectLogEvent>
      <type>1</type>
      <factId>11</factId>
      <objectToString>Message[name=&apos;Dave&apos; text=&apos;Hello, HAL. Do you read me, HAL?&apos;</objectToString>
    </org.drools.core.audit.event.ObjectLogEvent>
    <org.drools.core.audit.event.ActivationLogEvent>
      <type>4</type>
      <activationId>rule 1 [11]</activationId>
      <rule>rule 1</rule>
      <declarations>text=Hello, HAL. Do you read me, HAL?(11); m=Message[name=&apos;Dave&apos; text=&apos;Hello, HAL. Do you read me, HAL?&apos;(11)</declarations>
      <factHandleIds>11</factHandleIds>
    </org.drools.core.audit.event.ActivationLogEvent>
    <org.drools.core.audit.event.ActivationLogEvent>
      <type>6</type>
      <activationId>rule 1 [11]</activationId>
      <rule>rule 1</rule>
      <declarations>text=Hello, HAL. Do you read me, HAL?(11); m=Message[name=&apos;Dave&apos; text=&apos;Hello, HAL. Do you read me, HAL?&apos;(11)</declarations>
      <factHandleIds>11</factHandleIds>
    </org.drools.core.audit.event.ActivationLogEvent>
    <org.drools.core.audit.event.ActivationLogEvent>
      <type>7</type>
      <activationId>rule 1 [11]</activationId>
      <rule>rule 1</rule>
      <declarations>text=Hello, HAL. Do you read me, HAL?(11); m=Message[name=&apos;Dave&apos; text=&apos;Hello, HAL. Do you read me, HAL?&apos;(11)</declarations>
      <factHandleIds>11</factHandleIds>
    </org.drools.core.audit.event.ActivationLogEvent>
    <org.drools.core.audit.event.ActivationLogEvent>
      <type>4</type>
      <activationId>rule 2 [11]</activationId>
      <rule>rule 2</rule>
      <declarations></declarations>
      <factHandleIds>11</factHandleIds>
    </org.drools.core.audit.event.ActivationLogEvent>
    <org.drools.core.audit.event.ActivationLogEvent>
      <type>6</type>
      <activationId>rule 2 [11]</activationId>
      <rule>rule 2</rule>
      <declarations></declarations>
      <factHandleIds>11</factHandleIds>
    </org.drools.core.audit.event.ActivationLogEvent>
    <org.drools.core.audit.event.ObjectLogEvent>
      <type>1</type>
      <factId>12</factId>
      <objectToString>Message[name=&apos;HAL&apos; text=&apos;Dave. I read you.&apos;</objectToString>
    </org.drools.core.audit.event.ObjectLogEvent>
    <org.drools.core.audit.event.ActivationLogEvent>
      <type>7</type>
      <activationId>rule 2 [11]</activationId>
      <rule>rule 2</rule>
      <declarations></declarations>
      <factHandleIds>11</factHandleIds>
    </org.drools.core.audit.event.ActivationLogEvent>
    <org.drools.core.audit.event.ActivationLogEvent>
      <type>4</type>
      <activationId>rule 1 [12]</activationId>
      <rule>rule 1</rule>
      <declarations>text=Dave. I read you.(12); m=Message[name=&apos;HAL&apos; text=&apos;Dave. I read you.&apos;(12)</declarations>
      <factHandleIds>12</factHandleIds>
    </org.drools.core.audit.event.ActivationLogEvent>
    <org.drools.core.audit.event.ActivationLogEvent>
      <type>6</type>
      <activationId>rule 1 [12]</activationId>
      <rule>rule 1</rule>
      <declarations>text=Dave. I read you.(12); m=Message[name=&apos;HAL&apos; text=&apos;Dave. I read you.&apos;(12)</declarations>
      <factHandleIds>12</factHandleIds>
    </org.drools.core.audit.event.ActivationLogEvent>
    <org.drools.core.audit.event.ActivationLogEvent>
      <type>7</type>
      <activationId>rule 1 [12]</activationId>
      <rule>rule 1</rule>
      <declarations>text=Dave. I read you.(12); m=Message[name=&apos;HAL&apos; text=&apos;Dave. I read you.&apos;(12)</declarations>
      <factHandleIds>12</factHandleIds>
    </org.drools.core.audit.event.ActivationLogEvent>
    <org.drools.core.audit.event.ObjectLogEvent>
      <type>1</type>
      <factId>13</factId>
      <objectToString>Message[name=&apos;Dave&apos; text=&apos;Hello, HAL. Do you read me, HAL?&apos;</objectToString>
    </org.drools.core.audit.event.ObjectLogEvent>
    <org.drools.core.audit.event.ActivationLogEvent>
      <type>4</type>
      <activationId>rule 1 [13]</activationId>
      <rule>rule 1</rule>
      <declarations>text=Hello, HAL. Do you read me, HAL?(13); m=Message[name=&apos;Dave&apos; text=&apos;Hello, HAL. Do you read me, HAL?&apos;(13)</declarations>
      <factHandleIds>13</factHandleIds>
    </org.drools.core.audit.event.ActivationLogEvent>
    <org.drools.core.audit.event.ActivationLogEvent>
      <type>6</type>
      <activationId>rule 1 [13]</activationId>
      <rule>rule 1</rule>
      <declarations>text=Hello, HAL. Do you read me, HAL?(13); m=Message[name=&apos;Dave&apos; text=&apos;Hello, HAL. Do you read me, HAL?&apos;(13)</declarations>
      <factHandleIds>13</factHandleIds>
    </org.drools.core.audit.event.ActivationLogEvent>
    <org.drools.core.audit.event.ActivationLogEvent>
      <type>7</type>
      <activationId>rule 1 [13]</activationId>
      <rule>rule 1</rule>
      <declarations>text=Hello, HAL. Do you read me, HAL?(13); m=Message[name=&apos;Dave&apos; text=&apos;Hello, HAL. Do you read me, HAL?&apos;(13)</declarations>
      <factHandleIds>13</factHandleIds>
    </org.drools.core.audit.event.ActivationLogEvent>
    <org.drools.core.audit.event.ActivationLogEvent>
      <type>4</type>
      <activationId>rule 2 [13]</activationId>
      <rule>rule 2</rule>
      <declarations></declarations>
      <factHandleIds>13</factHandleIds>
    </org.drools.core.audit.event.ActivationLogEvent>
    <org.drools.core.audit.event.ActivationLogEvent>
      <type>6</type>
      <activationId>rule 2 [13]</activationId>
      <rule>rule 2</rule>
      <declarations></declarations>
      <factHandleIds>13</factHandleIds>
    </org.drools.core.audit.event.ActivationLogEvent>
    <org.drools.core.audit.event.ObjectLogEvent>
      <type>1</type>
      <factId>14</factId>
      <objectToString>Message[name=&apos;HAL&apos; text=&apos;Dave. I read you.&apos;</objectToString>
    </org.drools.core.audit.event.ObjectLogEvent>
    <org.drools.core.audit.event.ActivationLogEvent>
      <type>7</type>
      <activationId>rule 2 [13]</activationId>
      <rule>rule 2</rule>
      <declarations></declarations>
      <factHandleIds>13</factHandleIds>
    </org.drools.core.audit.event.ActivationLogEvent>
    <org.drools.core.audit.event.ActivationLogEvent>
      <type>4</type>
      <activationId>rule 1 [14]</activationId>
      <rule>rule 1</rule>
      <declarations>text=Dave. I read you.(14); m=Message[name=&apos;HAL&apos; text=&apos;Dave. I read you.&apos;(14)</declarations>
      <factHandleIds>14</factHandleIds>
    </org.drools.core.audit.event.ActivationLogEvent>
    <org.drools.core.audit.event.ActivationLogEvent>
      <type>6</type>
      <activationId>rule 1 [14]</activationId>
      <rule>rule 1</rule>
      <declarations>text=Dave. I read you.(14); m=Message[name=&apos;HAL&apos; text=&apos;Dave. I read you.&apos;(14)</declarations>
      <factHandleIds>14</factHandleIds>
    </org.drools.core.audit.event.ActivationLogEvent>
    <org.drools.core.audit.event.ActivationLogEvent>
      <type>7</type>
      <activationId>rule 1 [14]</activationId>
      <rule>rule 1</rule>
      <declarations>text=Dave. I read you.(14); m=Message[name=&apos;HAL&apos; text=&apos;Dave. I read you.&apos;(14)</declarations>
      <factHandleIds>14</factHandleIds>
    </org.drools.core.audit.event.ActivationLogEvent>
    <org.drools.core.audit.event.ObjectLogEvent>
      <type>1</type>
      <factId>15</factId>
      <objectToString>Message[name=&apos;Dave&apos; text=&apos;Hello, HAL. Do you read me, HAL?&apos;</objectToString>
    </org.drools.core.audit.event.ObjectLogEvent>
    <org.drools.core.audit.event.ActivationLogEvent>
      <type>4</type>
      <activationId>rule 1 [15]</activationId>
      <rule>rule 1</rule>
      <declarations>text=Hello, HAL. Do you read me, HAL?(15); m=Message[name=&apos;Dave&apos; text=&apos;Hello, HAL. Do you read me, HAL?&apos;(15)</declarations>
      <factHandleIds>15</factHandleIds>
    </org.drools.core.audit.event.ActivationLogEvent>
    <org.drools.core.audit.event.ActivationLogEvent>
      <type>6</type>
      <activationId>rule 1 [15]</activationId>
      <rule>rule 1</rule>
      <declarations>text=Hello, HAL. Do you read me, HAL?(15); m=Message[name=&apos;Dave&apos; text=&apos;Hello, HAL. Do you read me, HAL?&apos;(15)</declarations>
      <factHandleIds>15</factHandleIds>
    </org.drools.core.audit.event.ActivationLogEvent>
    <org.drools.core.audit.event.ActivationLogEvent>
      <type>7</type>
      <activationId>rule 1 [15]</activationId>
      <rule>rule 1</rule>
      <declarations>text=Hello, HAL. Do you read me, HAL?(15); m=Message[name=&apos;Dave&apos; text=&apos;Hello, HAL. Do you read me, HAL?&apos;(15)</declarations>
      <factHandleIds>15</factHandleIds>
    </org.drools.core.audit.event.ActivationLogEvent>
    <org.drools.core.audit.event.ActivationLogEvent>
      <type>4</type>
      <activationId>rule 2 [15]</activationId>
      <rule>rule 2</rule>
      <declarations></declarations>
      <factHandleIds>15</factHandleIds>
    </org.drools.core.audit.event.ActivationLogEvent>
    <org.drools.core.audit.event.ActivationLogEvent>
      <type>6</type>
      <activationId>rule 2 [15]</activationId>
      <rule>rule 2</rule>
      <declarations></declarations>
      <factHandleIds>15</factHandleIds>
    </org.drools.core.audit.event.ActivationLogEvent>
    <org.drools.core.audit.event.ObjectLogEvent>
      <type>1</type>
      <factId>16</factId>
      <objectToString>Message[name=&apos;HAL&apos; text=&apos;Dave. I read you.&apos;</objectToString>
    </org.drools.core.audit.event.ObjectLogEvent>
    <org.drools.core.audit.event.ActivationLogEvent>
      <type>7</type>
      <activationId>rule 2 [15]</activationId>
      <rule>rule 2</rule>
      <declarations></declarations>
      <factHandleIds>15</factHandleIds>
    </org.drools.core.audit.event.ActivationLogEvent>
    <org.drools.core.audit.event.ActivationLogEvent>
      <type>4</type>
      <activationId>rule 1 [16]</activationId>
      <rule>rule 1</rule>
      <declarations>text=Dave. I read you.(16); m=Message[name=&apos;HAL&apos; text=&apos;Dave. I read you.&apos;(16)</declarations>
      <factHandleIds>16</factHandleIds>
    </org.drools.core.audit.event.ActivationLogEvent>
    <org.drools.core.audit.event.ActivationLogEvent>
      <type>6</type>
      <activationId>rule 1 [16]</activationId>
      <rule>rule 1</rule>
      <declarations>text=Dave. I read you.(16); m=Message[name=&apos;HAL&apos; text=&apos;Dave. I read you.&apos;(16)</declarations>
      <factHandleIds>16</factHandleIds>
    </org.drools.core.audit.event.ActivationLogEvent>
    <org.drools.core.audit.event.ActivationLogEvent>
      <type>7</type>
      <activationId>rule 1 [16]</activationId>
      <rule>rule 1</rule>
      <declarations>text=Dave. I read you.(16); m=Message[name=&apos;HAL&apos; text=&apos;Dave. I read you.&apos;(16)</declarations>
      <factHandleIds>16</factHandleIds>
    </org.drools.core.audit.event.ActivationLogEvent>
    <org.drools.core.audit.event.ObjectLogEvent>
      <type>1</type>
      <factId>17</factId>
      <objectToString>Message[name=&apos;Dave&apos; text=&apos;Hello, HAL. Do you read me, HAL?&apos;</objectToString>
    </org.drools.core.audit.event.ObjectLogEvent>
    <org.drools.core.audit.event.ActivationLogEvent>
      <type>4</type>
      <activationId>rule 1 [17]</activationId>
      <rule>rule 1</rule>
      <declarations>text=Hello, HAL. Do you read me, HAL?(17); m=Message[name=&apos;Dave&apos; text=&apos;Hello, HAL. Do you read me, HAL?&apos;(17)</declarations>
      <factHandleIds>17</factHandleIds>
    </org.drools.core.audit.event.ActivationLogEvent>
    <org.drools.core.audit.event.ActivationLogEvent>
      <type>6</type>
      <activationId>rule 1 [17]</activationId>
      <rule>rule 1</rule>
      <declarations>text=Hello, HAL. Do you read me, HAL?(17); m=Message[name=&apos;Dave&apos; text=&apos;Hello, HAL. Do you read me, HAL?&apos;(17)</declarations>
      <factHandleIds>17</factHandleIds>
    </org.drools.core.audit.event.ActivationLogEvent>
    <org.drools.core.audit.event.ActivationLogEvent>
      <type>7</type>
      <activationId>rule 1 [17]</activationId>
      <rule>rule 1</rule>
      <declarations>text=Hello, HAL. Do you read me, HAL?(17); m=Message[name=&apos;Dave&apos; text=&apos;Hello, HAL. Do you read me, HAL?&apos;(17)</declarations>
      <factHandleIds>17</factHandleIds>
    </org.drools.core.audit.event.ActivationLogEvent>
    <org.drools.core.audit.event.ActivationLogEvent>
      <type>4</type>
      <activationId>rule 2 [17]</activationId>
      <rule>rule 2</rule>
      <declarations></declarations>
      <factHandleIds>17</factHandleIds>
    </org.drools.core.audit.event.ActivationLogEvent>
    <org.drools.core.audit.event.ActivationLogEvent>
      <type>6</type>
      <activationId>rule 2 [17]</activationId>
      <rule>rule 2</rule>
      <declarations></declarations>
      <factHandleIds>17</factHandleIds>
    </org.drools.core.audit.event.ActivationLogEvent>
    <org.drools.core.audit.event.ObjectLogEvent>
      <type>1</type>
      <factId>18</factId>
      <objectToString>Message[name=&apos;HAL&apos; text=&apos;Dave. I read you.&apos;</objectToString>
    </org.drools.core.audit.event.ObjectLogEvent>
    <org.drools.core.audit.event.ActivationLogEvent>
      <type>7</type>
      <activationId>rule 2 [17]</activationId>
      <rule>rule 2</rule>
      <declarations></declarations>
      <factHandleIds>17</factHandleIds>
    </org.drools.core.audit.event.ActivationLogEvent>
    <org.drools.core.audit.event.ActivationLogEvent>
      <type>4</type>
      <activationId>rule 1 [18]</activationId>
      <rule>rule 1</rule>
      <declarations>text=Dave. I read you.(18); m=Message[name=&apos;HAL&apos; text=&apos;Dave. I read you.&apos;(18)</declarations>
      <factHandleIds>18</factHandleIds>
    </org.drools.core.audit.event.ActivationLogEvent>
    <org.drools.core.audit.event.ActivationLogEvent>
      <type>6</type>
      <activationId>rule 1 [18]</activationId>
      <rule>rule 1</rule>
      <declarations>text=Dave. I read you.(18); m=Message[name=&apos;HAL&apos; text=&apos;Dave. I read you.&apos;(18)</declarations>
      <factHandleIds>18</factHandleIds>
    </org.drools.core.audit.event.ActivationLogEvent>
    <org.drools.core.audit.event.ActivationLogEvent>
      <type>7</type>
      <activationId>rule 1 [18]</activationId>
      <rule>rule 1</rule>
      <declarations>text=Dave. I read you.(18); m=Message[name=&apos;HAL&apos; text=&apos;Dave. I read you.&apos;(18)</declarations>
      <factHandleIds>18</factHandleIds>
    </org.drools.core.audit.event.ActivationLogEvent>
    <org.drools.core.audit.event.ObjectLogEvent>
      <type>1</type>
      <factId>19</factId>
      <objectToString>Message[name=&apos;Dave&apos; text=&apos;Hello, HAL. Do you read me, HAL?&apos;</objectToString>
    </org.drools.core.audit.event.ObjectLogEvent>
    <org.drools.core.audit.event.ActivationLogEvent>
      <type>4</type>
      <activationId>rule 1 [19]</activationId>
      <rule>rule 1</rule>
      <declarations>text=Hello, HAL. Do you read me, HAL?(19); m=Message[name=&apos;Dave&apos; text=&apos;Hello, HAL. Do you read me, HAL?&apos;(19)</declarations>
      <factHandleIds>19</factHandleIds>
    </org.drools.core.audit.event.ActivationLogEvent>
    <org.drools.core.audit.event.ActivationLogEvent>
      <type>6</type>
      <activationId>rule 1 [19]</activationId>
      <rule>rule 1</rule>
      <declarations>text=Hello, HAL. Do you read me, HAL?(19); m=Message[name=&apos;Dave&apos; text=&apos;Hello, HAL. Do you read me, HAL?&apos;(19)</declarations>
      <factHandleIds>19</factHandleIds>
    </org.drools.core.audit.event.ActivationLogEvent>
    <org.drools.core.audit.event.ActivationLogEvent>
      <type>7</type>
      <activationId>rule 1 [19]</activationId>
      <rule>rule 1</rule>
      <declarations>text=Hello, HAL. Do you read me, HAL?(19); m=Message[name=&apos;Dave&apos; text=&apos;Hello, HAL. Do you read me, HAL?&apos;(19)</declarations>
      <factHandleIds>19</factHandleIds>
    </org.drools.core.audit.event.ActivationLogEvent>
    <org.drools.core.audit.event.ActivationLogEvent>
      <type>4</type>
      <activationId>rule 2 [19]</activationId>
      <rule>rule 2</rule>
      <declarations></declarations>
      <factHandleIds>19</factHandleIds>
    </org.drools.core.audit.event.ActivationLogEvent>
    <org.drools.core.audit.event.ActivationLogEvent>
      <type>6</type>
      <activationId>rule 2 [19]</activationId>
      <rule>rule 2</rule>
      <declarations></declarations>
      <factHandleIds>19</factHandleIds>
    </org.drools.core.audit.event.ActivationLogEvent>
    <org.drools.core.audit.event.ObjectLogEvent>
      <type>1</type>
      <factId>20</factId>
      <objectToString>Message[name=&apos;HAL&apos; text=&apos;Dave. I read you.&apos;</objectToString>
    </org.drools.core.audit.event.ObjectLogEvent>
    <org.drools.core.audit.event.ActivationLogEvent>
      <type>7</type>
      <activationId>rule 2 [19]</activationId>
      <rule>rule 2</rule>
      <declarations></declarations>
      <factHandleIds>19</factHandleIds>
    </org.drools.core.audit.event.ActivationLogEvent>
    <org.drools.core.audit.event.ActivationLogEvent>
      <type>4</type>
      <activationId>rule 1 [20]</activationId>
      <rule>rule 1</rule>
      <declarations>text=Dave. I read you.(20); m=Message[name=&apos;HAL&apos; text=&apos;Dave. I read you.&apos;(20)</declarations>
      <factHandleIds>20</factHandleIds>
    </org.drools.core.audit.event.ActivationLogEvent>
    <org.drools.core.audit.event.ActivationLogEvent>
      <type>6</type>
      <activationId>rule 1 [20]</activationId>
      <rule>rule 1</rule>
      <declarations>text=Dave. I read you.(20); m=Message[name=&apos;HAL&apos; text=&apos;Dave. I read you.&apos;(20)</declarations>
      <factHandleIds>20</factHandleIds>
    </org.drools.core.audit.event.ActivationLogEvent>
    <org.drools.core.audit.event.ActivationLogEvent>
      <type>7</type>
      <activationId>rule 1 [20]</activationId>
      <rule>rule 1</rule>
      <declarations>text=Dave. I read you.(20); m=Message[name=&apos;HAL&apos; text=&apos;Dave. I read you.&apos;(20)</declarations>
      <factHandleIds>20</factHandleIds>
    </org.drools.core.audit.event.ActivationLogEvent>
  </events>
  <engine>PHREAK</engine>
</org.drools.core.audit.WorkingMemoryLog>
</object-stream>
